[debug] [2018-07-14T09:07:51.377Z] ----------------------------------------------------------------------
[debug] [2018-07-14T09:07:51.379Z] Command:       /usr/local/bin/node /usr/local/bin/firebase serve
[debug] [2018-07-14T09:07:51.379Z] CLI Version:   3.19.1
[debug] [2018-07-14T09:07:51.379Z] Platform:      darwin
[debug] [2018-07-14T09:07:51.379Z] Node Version:  v8.6.0
[debug] [2018-07-14T09:07:51.380Z] Time:          Sat Jul 14 2018 11:07:51 GMT+0200 (CEST)
[debug] [2018-07-14T09:07:51.380Z] ----------------------------------------------------------------------
[debug] 
[debug] [2018-07-14T09:07:51.396Z] > command requires scopes: ["email","openid","https://www.googleapis.com/auth/cloudplatformprojects.readonly","https://www.googleapis.com/auth/firebase","https://www.googleapis.com/auth/cloud-platform"]
[debug] [2018-07-14T09:07:51.396Z] > authorizing via signed-in user
[debug] [2018-07-14T09:07:51.398Z] > refreshing access token with scopes: ["email","https://www.googleapis.com/auth/cloud-platform","https://www.googleapis.com/auth/cloudplatformprojects.readonly","https://www.googleapis.com/auth/firebase","openid"]
[debug] [2018-07-14T09:07:51.398Z] >>> HTTP REQUEST POST https://www.googleapis.com/oauth2/v3/token  
 { refresh_token: '1/baDCC2NcjM-isPg7Nf7T6ASZSrh54TlBtFvtRZhIyu5NPwGLElOgd-591yIokEy6',
  client_id: '563584335869-fgrhgmd47bqnekij5i8b5pr03ho849e6.apps.googleusercontent.com',
  client_secret: 'j9iVZfS8kkCEFUPaAeJV0sAi',
  grant_type: 'refresh_token',
  scope: 'email https://www.googleapis.com/auth/cloud-platform https://www.googleapis.com/auth/cloudplatformprojects.readonly https://www.googleapis.com/auth/firebase openid' } 
 Sat Jul 14 2018 11:07:51 GMT+0200 (CEST)
[debug] [2018-07-14T09:07:51.664Z] <<< HTTP RESPONSE 200
[debug] [2018-07-14T09:07:51.670Z] >>> HTTP REQUEST GET https://admin.firebase.com/v1/projects/p-w-7e66e  
  
 Sat Jul 14 2018 11:07:51 GMT+0200 (CEST)
[debug] [2018-07-14T09:07:53.036Z] <<< HTTP RESPONSE 200
[debug] [2018-07-14T09:07:53.037Z] >>> HTTP REQUEST GET https://admin.firebase.com/v1/database/p-w-7e66e/tokens  
  
 Sat Jul 14 2018 11:07:53 GMT+0200 (CEST)
[debug] [2018-07-14T09:07:54.480Z] <<< HTTP RESPONSE 200
[debug] [2018-07-14T09:07:54.481Z] >>> HTTP REQUEST GET https://cloudresourcemanager.googleapis.com/v1/projects/p-w-7e66e  
  
 Sat Jul 14 2018 11:07:54 GMT+0200 (CEST)
[debug] [2018-07-14T09:07:55.560Z] <<< HTTP RESPONSE 200
[info] 
[info] === Serving from '/Users/manuelroth/dev/01p-w'...
[info] 
[debug] [2018-07-14T09:07:55.562Z] >>> HTTP REQUEST GET https://mobilesdk-pa.googleapis.com/v1/projects/730322726863/clients/_:getWebAppConfig  
  
 Sat Jul 14 2018 11:07:55 GMT+0200 (CEST)
[debug] [2018-07-14T09:07:56.432Z] <<< HTTP RESPONSE 200
[info] i  hosting: Serving hosting files from: public
[info] ✔  hosting: Local server: http://localhost:5000

